DialogText
EN
CHT
content
description
Description
text
name
RoleName
tipsText
Hint
event_title
title
reward_desc
category
Name
desc
ui_desc
group_desc
group_desc_plus
skill_desc
ui_name
ui_skill
Desc
strengthen_effect
weak
prop
race
resist
prop_base_name
prop_npc_billboard_name
event_title
event_result
event_result_info
des
father
npc
attach_name
encrypt_description
reItem2_name
reItem3_name
reItem4_name
reItem5_name
fail_txt
perfect_txt
success_txt
perfect_pname
showname
params_show_name
chapter
